winsensor/build/outputs/logs/manifest-merger-debug-report.txt
-- Merging decision tree log ---
manifest
ADDED from edcollection/winsensor/AndroidManifest.xml:2:1-48:12
INJECTED from edcollection/winsensor/AndroidManifest.xml:2:1-48:12
INJECTED from edcollection/winsensor/AndroidManifest.xml:2:1-48:12
INJECTED from edcollection/winsensor/AndroidManifest.xml:2:1-48:12
INJECTED from edcollection/winsensor/AndroidManifest.xml:2:1-48:12
INJECTED from edcollection/winsensor/AndroidManifest.xml:2:1-48:12
INJECTED from edcollection/winsensor/AndroidManifest.xml:2:1-48:12
	package
		ADDED from edcollection/winsensor/AndroidManifest.xml:3:5-40
		INJECTED from edcollection/winsensor/AndroidManifest.xml
		INJECTED from edcollection/winsensor/AndroidManifest.xml
	android:versionName
		ADDED from edcollection/winsensor/AndroidManifest.xml:5:5-30
		INJECTED from edcollection/winsensor/AndroidManifest.xml
		INJECTED from edcollection/winsensor/AndroidManifest.xml
	xmlns:android
		ADDED from edcollection/winsensor/AndroidManifest.xml:2:11-69
	android:versionCode
		ADDED from edcollection/winsensor/AndroidManifest.xml:4:5-28
		INJECTED from edcollection/winsensor/AndroidManifest.xml
		INJECTED from edcollection/winsensor/AndroidManifest.xml
uses-sdk
ADDED from edcollection/winsensor/AndroidManifest.xml:7:5-9:41
	android:targetSdkVersion
		ADDED from edcollection/winsensor/AndroidManifest.xml:9:9-38
	android:minSdkVersion
		ADDED from edcollection/winsensor/AndroidManifest.xml:8:9-35
uses-permission#android.permission.ACCESS_COARSE_LOCATION
ADDED from edcollection/winsensor/AndroidManifest.xml:11:5-81
	android:name
		ADDED from edcollection/winsensor/AndroidManifest.xml:11:22-78
uses-permission#android.permission.ACCESS_FINE_LOCATION
ADDED from edcollection/winsensor/AndroidManifest.xml:12:5-79
	android:name
		ADDED from edcollection/winsensor/AndroidManifest.xml:12:22-76
uses-permission#android.permission.ACCESS_WIFI_STATE
ADDED from edcollection/winsensor/AndroidManifest.xml:13:5-76
	android:name
		ADDED from edcollection/winsensor/AndroidManifest.xml:13:22-73
uses-permission#android.permission.ACCESS_NETWORK_STATE
ADDED from edcollection/winsensor/AndroidManifest.xml:14:5-79
	android:name
		ADDED from edcollection/winsensor/AndroidManifest.xml:14:22-76
uses-permission#android.permission.CHANGE_WIFI_STATE
ADDED from edcollection/winsensor/AndroidManifest.xml:15:5-76
	android:name
		ADDED from edcollection/winsensor/AndroidManifest.xml:15:22-73
uses-permission#android.permission.INTERNET
ADDED from edcollection/winsensor/AndroidManifest.xml:16:5-67
	android:name
		ADDED from edcollection/winsensor/AndroidManifest.xml:16:22-64
uses-permission#android.permission.NFC
ADDED from edcollection/winsensor/AndroidManifest.xml:17:5-62
	android:name
		ADDED from edcollection/winsensor/AndroidManifest.xml:17:22-59
uses-permission#android.permission.WRITE_EXTERNAL_STORAGE
ADDED from edcollection/winsensor/AndroidManifest.xml:18:5-81
	android:name
		ADDED from edcollection/winsensor/AndroidManifest.xml:18:22-78
uses-permission#android.permission.READ_PHONE_STATE
ADDED from edcollection/winsensor/AndroidManifest.xml:19:5-75
	android:name
		ADDED from edcollection/winsensor/AndroidManifest.xml:19:22-72
uses-permission-sdk-23#android.permission.ACCESS_COARSE_LOCATION
ADDED from edcollection/winsensor/AndroidManifest.xml:21:5-88
	android:name
		ADDED from edcollection/winsensor/AndroidManifest.xml:21:29-85
uses-permission#android.permission.BLUETOOTH
ADDED from edcollection/winsensor/AndroidManifest.xml:23:5-68
	android:name
		ADDED from edcollection/winsensor/AndroidManifest.xml:23:22-65
uses-permission#android.permission.BLUETOOTH_ADMIN
ADDED from edcollection/winsensor/AndroidManifest.xml:24:5-74
	android:name
		ADDED from edcollection/winsensor/AndroidManifest.xml:24:22-71
uses-feature#android.hardware.bluetooth_le
ADDED from edcollection/winsensor/AndroidManifest.xml:26:5-28:36
	android:required
		ADDED from edcollection/winsensor/AndroidManifest.xml:28:9-33
	android:name
		ADDED from edcollection/winsensor/AndroidManifest.xml:27:9-53
application
ADDED from edcollection/winsensor/AndroidManifest.xml:30:5-46:19
	android:label
		ADDED from edcollection/winsensor/AndroidManifest.xml:32:9-41
	android:allowBackup
		ADDED from edcollection/winsensor/AndroidManifest.xml:31:9-35
	android:theme
		ADDED from edcollection/winsensor/AndroidManifest.xml:33:9-40
activity#com.winway.android.sensor.nfc.bluetoothnfc.BluetoothNFC_DK_Activity
ADDED from edcollection/winsensor/AndroidManifest.xml:34:9-42:20
	android:label
		ADDED from edcollection/winsensor/AndroidManifest.xml:36:13-45
	android:name
		ADDED from edcollection/winsensor/AndroidManifest.xml:35:13-95
intent-filter#android.intent.action.MAIN+android.intent.category.LAUNCHER
ADDED from edcollection/winsensor/AndroidManifest.xml:37:13-41:29
action#android.intent.action.MAIN
ADDED from edcollection/winsensor/AndroidManifest.xml:38:17-69
	android:name
		ADDED from edcollection/winsensor/AndroidManifest.xml:38:25-66
category#android.intent.category.LAUNCHER
ADDED from edcollection/winsensor/AndroidManifest.xml:40:17-77
	android:name
		ADDED from edcollection/winsensor/AndroidManifest.xml:40:27-74
service#com.winway.android.sensor.geolocation.serviceImpl.GPSService
ADDED from edcollection/winsensor/AndroidManifest.xml:44:9-71
	android:name
		ADDED from edcollection/winsensor/AndroidManifest.xml:44:18-68
service#com.dk.bleNfc.BleNfcDeviceService
ADDED from edcollection/winsensor/AndroidManifest.xml:45:9-69
	android:name
		ADDED from edcollection/winsensor/AndroidManifest.xml:45:18-66